android/Android_v6/proguard/seeds.txt
android.support.v4.widget.DrawerLayout: void setScrimColor(int)
android.support.v4.widget.DrawerLayout: void setDrawerListener(android.support.v4.widget.DrawerLayout$DrawerListener)
android.support.v4.widget.DrawerLayout: void setDrawerLockMode(int)
android.support.v4.widget.DrawerLayout$SavedState
android.support.v4.widget.DrawerLayout$SavedState: android.os.Parcelable$Creator CREATOR
android.support.v4.widget.SlidingPaneLayout: void setParallaxDistance(int)
android.support.v4.widget.SlidingPaneLayout: int getParallaxDistance()
android.support.v4.widget.SlidingPaneLayout: void setSliderFadeColor(int)
android.support.v4.widget.SlidingPaneLayout: int getSliderFadeColor()
android.support.v4.widget.SlidingPaneLayout: void setCoveredFadeColor(int)
android.support.v4.widget.SlidingPaneLayout: int getCoveredFadeColor()
android.support.v4.widget.SlidingPaneLayout: void setPanelSlideListener(android.support.v4.widget.SlidingPaneLayout$PanelSlideListener)
android.support.v4.widget.SlidingPaneLayout: void setShadowDrawable(android.graphics.drawable.Drawable)
android.support.v4.widget.SlidingPaneLayout: void setShadowResource(int)
android.support.v4.widget.SlidingPaneLayout$SavedState
android.support.v4.widget.SlidingPaneLayout$SavedState: android.os.Parcelable$Creator CREATOR
android.support.v4.widget.SwipeRefreshLayout: void setOnRefreshListener(android.support.v4.widget.SwipeRefreshLayout$OnRefreshListener)
android.support.v4.widget.SwipeRefreshLayout: void setTriggerPercentage(float)
android.support.v4.widget.SwipeRefreshLayout: void setRefreshing(boolean)
android.support.v4.widget.SwipeRefreshLayout: void setTargetOffsetTopAndBottom(int)
com.newppt.android.data.ClientSocket
com.newppt.android.data.GetIpThread
com.newppt.android.data.SendFileClient
com.newppt.android.ui.LoadingActivity
com.newppt.android.ui.LoadingActivity: LoadingActivity()
com.newppt.android.ui.Login
com.newppt.android.ui.Login: Login()
com.newppt.android.ui.NewImage
com.newppt.android.ui.NewImage: NewImage(android.content.Context)
com.newppt.android.ui.NewImage: NewImage(android.content.Context,android.util.AttributeSet)
com.newppt.android.ui.NewImage: NewImage(android.content.Context,android.util.AttributeSet,int)
com.newppt.android.ui.NewImage: android.graphics.Bitmap getBmp()
com.newppt.android.ui.PLFragmentActivity
com.newppt.android.ui.PLFragmentActivity: PLFragmentActivity()
com.newppt.android.ui.PPTView
com.newppt.android.ui.PPTView: PPTView()
com.newppt.android.ui.ScaleImage
com.newppt.android.ui.ScaleImage: ScaleImage(android.content.Context)
com.newppt.android.ui.ScaleImage: ScaleImage(android.content.Context,android.util.AttributeSet)
com.newppt.android.ui.ScaleImage: ScaleImage(android.content.Context,android.util.AttributeSet,int)
com.newppt.android.ui.SvgView
com.newppt.android.ui.SvgView: SvgView()
com.newppt1.android_v5.R$anim: int left_in
com.newppt1.android_v5.R$anim: int left_out
com.newppt1.android_v5.R$anim: int push_top_in2
com.newppt1.android_v5.R$anim: int push_top_out2
com.newppt1.android_v5.R$anim: int right_in
com.newppt1.android_v5.R$anim: int right_out